/*
 * This file contains expectations for ART's buildbot. The purpose of this file is
 * to temporarily list failing tests and not break the bots.
 *
 * This file contains the expectations for the 'libjdwp-aot' and 'libjdwp-jit'
 * test groups on the chromium buildbot.
 */
[
{
  description: "Test fails due to unexpectedly getting the thread-groups of zombie threads",
  result: EXEC_FAILED,
  bug: 66906414,
  name: "org.apache.harmony.jpda.tests.jdwp.ThreadReference_ThreadGroup002Test#testThreadGroup002"
},
{
  description: "Test fails due to static values not being set correctly.",
  result: EXEC_FAILED,
  bug: 66905894,
  name: "org.apache.harmony.jpda.tests.jdwp.ReferenceType_GetValues006Test#testGetValues006"
},
/* TODO Categorize these failures more. */
{
  description: "Tests that fail on both ART and RI. These tests are likely incorrect",
  result: EXEC_FAILED,
  bug: 66906734,
  names: [ "org.apache.harmony.jpda.tests.jdwp.ArrayReference_SetValues003Test#testSetValues003_InvalidIndex",
           "org.apache.harmony.jpda.tests.jdwp.ClassType_InvokeMethod002Test#testInvokeMethod_wrong_argument_types",
           "org.apache.harmony.jpda.tests.jdwp.ClassType_InvokeMethodTest#testInvokeMethod002",
           "org.apache.harmony.jpda.tests.jdwp.ClassType_InvokeMethodTest#testInvokeMethod003",
           "org.apache.harmony.jpda.tests.jdwp.ClassType_NewInstanceTest#testNewInstance002",
           "org.apache.harmony.jpda.tests.jdwp.ClassType_SetValues002Test#testSetValues002",
           "org.apache.harmony.jpda.tests.jdwp.Events_ClassPrepare002Test#testClassPrepareCausedByDebugger",
           "org.apache.harmony.jpda.tests.jdwp.Events_ExceptionCaughtTest#testExceptionEvent_ThrowLocation_FromNative",
           "org.apache.harmony.jpda.tests.jdwp.ObjectReference_DisableCollectionTest#testDisableCollection_null",
           "org.apache.harmony.jpda.tests.jdwp.ObjectReference_EnableCollectionTest#testEnableCollection_invalid",
           "org.apache.harmony.jpda.tests.jdwp.ObjectReference_EnableCollectionTest#testEnableCollection_null",
           "org.apache.harmony.jpda.tests.jdwp.ObjectReference_GetValues002Test#testGetValues002",
           "org.apache.harmony.jpda.tests.jdwp.ObjectReference_SetValues003Test#testSetValues003",
           "org.apache.harmony.jpda.tests.jdwp.ObjectReference_SetValuesTest#testSetValues001",
           "org.apache.harmony.jpda.tests.jdwp.ReferenceType_FieldsWithGenericTest#testFieldsWithGeneric001",
           "org.apache.harmony.jpda.tests.jdwp.ReferenceType_GetValues002Test#testGetValues002",
           "org.apache.harmony.jpda.tests.jdwp.ReferenceType_GetValues004Test#testGetValues004",
           "org.apache.harmony.jpda.tests.jdwp.StringReference_ValueTest#testStringReferenceValueTest001_NullString",
           "org.apache.harmony.jpda.tests.jdwp.ThreadGroupReference_ChildrenTest#testChildren_NullObject",
           "org.apache.harmony.jpda.tests.jdwp.ThreadGroupReference_NameTest#testName001_NullObject",
           "org.apache.harmony.jpda.tests.jdwp.ThreadGroupReference_ParentTest#testParent_NullObject",
           "org.apache.harmony.jpda.tests.jdwp.VirtualMachine_CapabilitiesNewTest#testCapabilitiesNew001" ]
},
{
  description: "Test times out on fugu-debug",
  result: EXEC_FAILED,
  bug: 70459916,
  names: [ "org.apache.harmony.jpda.tests.jdwp.VMDebug_VMDebugTest#testVMDebug",
           "org.apache.harmony.jpda.tests.jdwp.VMDebug_VMDebugTest002#testVMDebug" ]
}
]
